2025-08-05 14:50:51 | INFO | Daily scheduler initialized
2025-08-05 14:50:51 | INFO | === Starting Evening Actual Temperature Collection ===
2025-08-05 14:50:51 | ERROR | ✗ Failed to collect actual temperature for 2025-08-04
2025-08-05 14:50:51 | INFO | DataManager initialized with data directory: data
2025-08-05 14:50:51 | INFO | NWS: Grid info - Office: LOX, X: 148, Y: 41
2025-08-05 14:50:51 | INFO | Enabled nws client
2025-08-05 14:50:51 | WARNING | No API key found for openweather
2025-08-05 14:50:51 | WARNING | Could not enable openweather client
2025-08-05 14:50:51 | WARNING | No API key found for tomorrow
2025-08-05 14:50:51 | WARNING | Could not enable tomorrow client
2025-08-05 14:50:51 | WARNING | No API key found for weatherbit
2025-08-05 14:50:51 | WARNING | Could not enable weatherbit client
2025-08-05 14:50:51 | WARNING | No API key found for visual_crossing
2025-08-05 14:50:51 | WARNING | Could not enable visual_crossing client
2025-08-05 14:50:51 | INFO | NOAA Observations: Initialized for station KLAX
2025-08-05 14:50:51 | INFO | DataManager initialized with data directory: data
2025-08-05 14:50:51 | INFO | ActualTemperatureCollector initialized
2025-08-05 14:50:51 | INFO | Daily scheduler initialized
2025-08-05 14:50:51 | INFO | === Starting Evening Actual Temperature Collection ===
2025-08-05 14:50:51 | INFO | ✓ Successfully collected actual temperature: 78.5°F for 2025-08-04
2025-08-05 14:50:51 | INFO | DataManager initialized with data directory: data
2025-08-05 14:50:51 | INFO | NWS: Grid info - Office: LOX, X: 148, Y: 41
2025-08-05 14:50:51 | INFO | Enabled nws client
2025-08-05 14:50:51 | WARNING | No API key found for openweather
2025-08-05 14:50:51 | WARNING | Could not enable openweather client
2025-08-05 14:50:51 | WARNING | No API key found for tomorrow
2025-08-05 14:50:51 | WARNING | Could not enable tomorrow client
2025-08-05 14:50:51 | WARNING | No API key found for weatherbit
2025-08-05 14:50:51 | WARNING | Could not enable weatherbit client
2025-08-05 14:50:51 | WARNING | No API key found for visual_crossing
2025-08-05 14:50:51 | WARNING | Could not enable visual_crossing client
2025-08-05 14:50:51 | INFO | NOAA Observations: Initialized for station KLAX
2025-08-05 14:50:51 | INFO | DataManager initialized with data directory: data
2025-08-05 14:50:51 | INFO | ActualTemperatureCollector initialized
2025-08-05 14:50:51 | INFO | Daily scheduler initialized
2025-08-05 14:50:51 | INFO | === Performing System Health Check ===
2025-08-05 14:50:51 | INFO | API Health: 2/3 APIs responding
2025-08-05 14:50:51 | INFO | nws quality: 0.850
2025-08-05 14:50:51 | INFO | openweather quality: 0.850
2025-08-05 14:50:51 | INFO | tomorrow quality: 0.850
2025-08-05 14:50:51 | INFO | weatherbit quality: 0.850
2025-08-05 14:50:51 | INFO | visual_crossing quality: 0.850
2025-08-05 14:50:51 | INFO | Temperature collection rate: 90.0%
2025-08-05 14:50:51 | INFO | Overall system health: healthy
2025-08-05 14:50:51 | INFO | DataManager initialized with data directory: data
2025-08-05 14:50:51 | INFO | NWS: Grid info - Office: LOX, X: 148, Y: 41
2025-08-05 14:50:51 | INFO | Enabled nws client
2025-08-05 14:50:51 | WARNING | No API key found for openweather
2025-08-05 14:50:51 | WARNING | Could not enable openweather client
2025-08-05 14:50:51 | WARNING | No API key found for tomorrow
2025-08-05 14:50:51 | WARNING | Could not enable tomorrow client
2025-08-05 14:50:51 | WARNING | No API key found for weatherbit
2025-08-05 14:50:51 | WARNING | Could not enable weatherbit client
2025-08-05 14:50:51 | WARNING | No API key found for visual_crossing
2025-08-05 14:50:51 | WARNING | Could not enable visual_crossing client
2025-08-05 14:50:51 | INFO | NOAA Observations: Initialized for station KLAX
2025-08-05 14:50:51 | INFO | DataManager initialized with data directory: data
2025-08-05 14:50:51 | INFO | ActualTemperatureCollector initialized
2025-08-05 14:50:51 | INFO | Daily scheduler initialized
2025-08-05 14:50:51 | INFO | === Starting Morning Data Collection ===
2025-08-05 14:50:51 | ERROR | Error during morning data collection: API Error
2025-08-05 14:50:51 | INFO | DataManager initialized with data directory: data
2025-08-05 14:50:52 | INFO | NWS: Grid info - Office: LOX, X: 148, Y: 41
2025-08-05 14:50:52 | INFO | Enabled nws client
2025-08-05 14:50:52 | WARNING | No API key found for openweather
2025-08-05 14:50:52 | WARNING | Could not enable openweather client
2025-08-05 14:50:52 | WARNING | No API key found for tomorrow
2025-08-05 14:50:52 | WARNING | Could not enable tomorrow client
2025-08-05 14:50:52 | WARNING | No API key found for weatherbit
2025-08-05 14:50:52 | WARNING | Could not enable weatherbit client
2025-08-05 14:50:52 | WARNING | No API key found for visual_crossing
2025-08-05 14:50:52 | WARNING | Could not enable visual_crossing client
2025-08-05 14:50:52 | INFO | NOAA Observations: Initialized for station KLAX
2025-08-05 14:50:52 | INFO | DataManager initialized with data directory: data
2025-08-05 14:50:52 | INFO | ActualTemperatureCollector initialized
2025-08-05 14:50:52 | INFO | Daily scheduler initialized
2025-08-05 14:50:52 | INFO | === Starting Morning Data Collection ===
2025-08-05 14:50:52 | INFO | ✓ nws: Collected 1 forecast records
2025-08-05 14:50:52 | INFO | ✓ openweather: Collected 1 forecast records
2025-08-05 14:50:52 | WARNING | ⚠ tomorrow: No forecast data received
2025-08-05 14:50:52 | INFO | Morning collection completed: 2 sources, 2 total records
2025-08-05 14:50:52 | INFO | DataManager initialized with data directory: data
2025-08-05 14:50:52 | INFO | NWS: Grid info - Office: LOX, X: 148, Y: 41
2025-08-05 14:50:52 | INFO | Enabled nws client
2025-08-05 14:50:52 | WARNING | No API key found for openweather
2025-08-05 14:50:52 | WARNING | Could not enable openweather client
2025-08-05 14:50:52 | WARNING | No API key found for tomorrow
2025-08-05 14:50:52 | WARNING | Could not enable tomorrow client
2025-08-05 14:50:52 | WARNING | No API key found for weatherbit
2025-08-05 14:50:52 | WARNING | Could not enable weatherbit client
2025-08-05 14:50:52 | WARNING | No API key found for visual_crossing
2025-08-05 14:50:52 | WARNING | Could not enable visual_crossing client
2025-08-05 14:50:52 | INFO | NOAA Observations: Initialized for station KLAX
2025-08-05 14:50:52 | INFO | DataManager initialized with data directory: data
2025-08-05 14:50:52 | INFO | ActualTemperatureCollector initialized
2025-08-05 14:50:52 | INFO | Daily scheduler initialized
2025-08-05 14:50:52 | INFO | === Retry Failed Collection ===
2025-08-05 14:50:52 | INFO | Retrying evening temperature collection...
2025-08-05 14:50:52 | INFO | Evening collection retry successful on attempt 1
2025-08-05 14:50:52 | INFO | DataManager initialized with data directory: data
2025-08-05 14:50:52 | INFO | NWS: Grid info - Office: LOX, X: 148, Y: 41
2025-08-05 14:50:52 | INFO | Enabled nws client
2025-08-05 14:50:52 | WARNING | No API key found for openweather
2025-08-05 14:50:52 | WARNING | Could not enable openweather client
2025-08-05 14:50:52 | WARNING | No API key found for tomorrow
2025-08-05 14:50:52 | WARNING | Could not enable tomorrow client
2025-08-05 14:50:52 | WARNING | No API key found for weatherbit
2025-08-05 14:50:52 | WARNING | Could not enable weatherbit client
2025-08-05 14:50:52 | WARNING | No API key found for visual_crossing
2025-08-05 14:50:52 | WARNING | Could not enable visual_crossing client
2025-08-05 14:50:52 | INFO | NOAA Observations: Initialized for station KLAX
2025-08-05 14:50:52 | INFO | DataManager initialized with data directory: data
2025-08-05 14:50:52 | INFO | ActualTemperatureCollector initialized
2025-08-05 14:50:52 | INFO | Daily scheduler initialized
2025-08-05 14:50:52 | INFO | === Retry Failed Collection ===
2025-08-05 14:50:52 | INFO | Retrying morning data collection...
2025-08-05 14:50:52 | INFO | Morning collection retry successful on attempt 1
2025-08-05 14:50:52 | INFO | DataManager initialized with data directory: data
2025-08-05 14:50:52 | INFO | NWS: Grid info - Office: LOX, X: 148, Y: 41
2025-08-05 14:50:52 | INFO | Enabled nws client
2025-08-05 14:50:52 | WARNING | No API key found for openweather
2025-08-05 14:50:52 | WARNING | Could not enable openweather client
2025-08-05 14:50:52 | WARNING | No API key found for tomorrow
2025-08-05 14:50:52 | WARNING | Could not enable tomorrow client
2025-08-05 14:50:52 | WARNING | No API key found for weatherbit
2025-08-05 14:50:52 | WARNING | Could not enable weatherbit client
2025-08-05 14:50:52 | WARNING | No API key found for visual_crossing
2025-08-05 14:50:52 | WARNING | Could not enable visual_crossing client
2025-08-05 14:50:52 | INFO | NOAA Observations: Initialized for station KLAX
2025-08-05 14:50:52 | INFO | DataManager initialized with data directory: data
2025-08-05 14:50:52 | INFO | ActualTemperatureCollector initialized
2025-08-05 14:50:52 | INFO | Daily scheduler initialized
2025-08-05 14:50:52 | INFO | Running task once: evening
2025-08-05 14:50:52 | INFO | DataManager initialized with data directory: data
2025-08-05 14:50:53 | INFO | NWS: Grid info - Office: LOX, X: 148, Y: 41
2025-08-05 14:50:53 | INFO | Enabled nws client
2025-08-05 14:50:53 | WARNING | No API key found for openweather
2025-08-05 14:50:53 | WARNING | Could not enable openweather client
2025-08-05 14:50:53 | WARNING | No API key found for tomorrow
2025-08-05 14:50:53 | WARNING | Could not enable tomorrow client
2025-08-05 14:50:53 | WARNING | No API key found for weatherbit
2025-08-05 14:50:53 | WARNING | Could not enable weatherbit client
2025-08-05 14:50:53 | WARNING | No API key found for visual_crossing
2025-08-05 14:50:53 | WARNING | Could not enable visual_crossing client
2025-08-05 14:50:53 | INFO | NOAA Observations: Initialized for station KLAX
2025-08-05 14:50:53 | INFO | DataManager initialized with data directory: data
2025-08-05 14:50:53 | INFO | ActualTemperatureCollector initialized
2025-08-05 14:50:53 | INFO | Daily scheduler initialized
2025-08-05 14:50:53 | INFO | Running task once: health
2025-08-05 14:50:53 | INFO | DataManager initialized with data directory: data
2025-08-05 14:50:53 | INFO | NWS: Grid info - Office: LOX, X: 148, Y: 41
2025-08-05 14:50:53 | INFO | Enabled nws client
2025-08-05 14:50:53 | WARNING | No API key found for openweather
2025-08-05 14:50:53 | WARNING | Could not enable openweather client
2025-08-05 14:50:53 | WARNING | No API key found for tomorrow
2025-08-05 14:50:53 | WARNING | Could not enable tomorrow client
2025-08-05 14:50:53 | WARNING | No API key found for weatherbit
2025-08-05 14:50:53 | WARNING | Could not enable weatherbit client
2025-08-05 14:50:53 | WARNING | No API key found for visual_crossing
2025-08-05 14:50:53 | WARNING | Could not enable visual_crossing client
2025-08-05 14:50:53 | INFO | NOAA Observations: Initialized for station KLAX
2025-08-05 14:50:53 | INFO | DataManager initialized with data directory: data
2025-08-05 14:50:53 | INFO | ActualTemperatureCollector initialized
2025-08-05 14:50:53 | INFO | Daily scheduler initialized
2025-08-05 14:50:53 | INFO | Running task once: invalid_task
2025-08-05 14:50:53 | ERROR | Unknown task: invalid_task
2025-08-05 14:50:53 | INFO | DataManager initialized with data directory: data
2025-08-05 14:50:53 | INFO | NWS: Grid info - Office: LOX, X: 148, Y: 41
2025-08-05 14:50:53 | INFO | Enabled nws client
2025-08-05 14:50:53 | WARNING | No API key found for openweather
2025-08-05 14:50:53 | WARNING | Could not enable openweather client
2025-08-05 14:50:53 | WARNING | No API key found for tomorrow
2025-08-05 14:50:53 | WARNING | Could not enable tomorrow client
2025-08-05 14:50:53 | WARNING | No API key found for weatherbit
2025-08-05 14:50:53 | WARNING | Could not enable weatherbit client
2025-08-05 14:50:53 | WARNING | No API key found for visual_crossing
2025-08-05 14:50:53 | WARNING | Could not enable visual_crossing client
2025-08-05 14:50:53 | INFO | NOAA Observations: Initialized for station KLAX
2025-08-05 14:50:53 | INFO | DataManager initialized with data directory: data
2025-08-05 14:50:53 | INFO | ActualTemperatureCollector initialized
2025-08-05 14:50:53 | INFO | Daily scheduler initialized
2025-08-05 14:50:53 | INFO | Running task once: morning
2025-08-05 14:50:53 | INFO | DataManager initialized with data directory: data
2025-08-05 14:50:53 | INFO | NWS: Grid info - Office: LOX, X: 148, Y: 41
2025-08-05 14:50:53 | INFO | Enabled nws client
2025-08-05 14:50:53 | WARNING | No API key found for openweather
2025-08-05 14:50:53 | WARNING | Could not enable openweather client
2025-08-05 14:50:53 | WARNING | No API key found for tomorrow
2025-08-05 14:50:53 | WARNING | Could not enable tomorrow client
2025-08-05 14:50:53 | WARNING | No API key found for weatherbit
2025-08-05 14:50:53 | WARNING | Could not enable weatherbit client
2025-08-05 14:50:53 | WARNING | No API key found for visual_crossing
2025-08-05 14:50:53 | WARNING | Could not enable visual_crossing client
2025-08-05 14:50:53 | INFO | NOAA Observations: Initialized for station KLAX
2025-08-05 14:50:53 | INFO | DataManager initialized with data directory: data
2025-08-05 14:50:53 | INFO | ActualTemperatureCollector initialized
2025-08-05 14:50:53 | INFO | Daily scheduler initialized
2025-08-05 14:50:53 | INFO | Setting up daily schedule...
2025-08-05 14:50:53 | INFO | Daily schedule configured:
2025-08-05 14:50:53 | INFO |   - 06:00: Morning forecast collection
2025-08-05 14:50:53 | INFO |   - 20:00: Evening actual temperature collection
2025-08-05 14:50:53 | INFO |   - Every 4 hours: Health check
2025-08-05 14:50:53 | INFO |   - Every 2 hours: Retry failed collections
2025-08-05 14:50:53 | INFO | LOW SEVERITY ERROR in context_0: Error 0
2025-08-05 14:50:53 | WARNING | MEDIUM SEVERITY ERROR in context_1: Error 1
2025-08-05 14:50:53 | INFO | LOW SEVERITY ERROR in context_0: Error 2
2025-08-05 14:50:53 | WARNING | MEDIUM SEVERITY ERROR in context_1: Error 3
2025-08-05 14:50:53 | INFO | LOW SEVERITY ERROR in context_0: Error 4
2025-08-05 14:50:53 | WARNING | MEDIUM SEVERITY ERROR in test_context: Test error
2025-08-05 14:50:53 | WARNING | Retry attempt 1/4 failed for eventually_successful_function: Temporary error
2025-08-05 14:50:53 | INFO | Retrying in 0.1 seconds...
2025-08-05 14:50:53 | WARNING | Retry attempt 2/4 failed for eventually_successful_function: Temporary error
2025-08-05 14:50:53 | INFO | Retrying in 0.2 seconds...
2025-08-05 14:50:53 | WARNING | Retry attempt 1/3 failed for always_failing_function: Persistent error
2025-08-05 14:50:53 | INFO | Retrying in 0.1 seconds...
2025-08-05 14:50:53 | WARNING | Retry attempt 2/3 failed for always_failing_function: Persistent error
2025-08-05 14:50:53 | INFO | Retrying in 0.2 seconds...
2025-08-05 14:50:54 | INFO | DataManager initialized with data directory: data
2025-08-05 14:50:54 | INFO | NWS: Grid info - Office: LOX, X: 148, Y: 41
2025-08-05 14:50:54 | INFO | Enabled nws client
2025-08-05 14:50:54 | WARNING | No API key found for openweather
2025-08-05 14:50:54 | WARNING | Could not enable openweather client
2025-08-05 14:50:54 | WARNING | No API key found for tomorrow
2025-08-05 14:50:54 | WARNING | Could not enable tomorrow client
2025-08-05 14:50:54 | WARNING | No API key found for weatherbit
2025-08-05 14:50:54 | WARNING | Could not enable weatherbit client
2025-08-05 14:50:54 | WARNING | No API key found for visual_crossing
2025-08-05 14:50:54 | WARNING | Could not enable visual_crossing client
2025-08-05 14:50:54 | INFO | NOAA Observations: Initialized for station KLAX
2025-08-05 14:50:54 | INFO | DataManager initialized with data directory: data
2025-08-05 14:50:54 | INFO | ActualTemperatureCollector initialized
2025-08-05 14:50:54 | INFO | Daily scheduler initialized
2025-08-05 14:50:54 | INFO | Daily scheduler initialized
2025-08-05 14:50:54 | INFO | === Starting Morning Data Collection ===
2025-08-05 14:50:54 | INFO | ✓ nws: Collected 1 forecast records
2025-08-05 14:50:54 | INFO | ✓ openweather: Collected 1 forecast records
2025-08-05 14:50:54 | INFO | Morning collection completed: 2 sources, 2 total records
2025-08-05 14:51:01 | INFO | Daily scheduler initialized
2025-08-05 14:51:01 | INFO | === Performing System Health Check ===
2025-08-05 14:51:01 | INFO | Testing nws connection...
2025-08-05 14:51:01 | INFO | NWS: Successfully fetched 7 forecast records
2025-08-05 14:51:01 | INFO | nws: Connection test PASSED
2025-08-05 14:51:01 | INFO | API Health: 1/1 APIs responding
2025-08-05 14:51:01 | INFO | Loaded 151 records from nws
2025-08-05 14:51:01 | INFO | nws quality: 0.885
2025-08-05 14:51:01 | INFO | Loaded 151 records from openweather
2025-08-05 14:51:01 | INFO | openweather quality: 0.878
2025-08-05 14:51:01 | INFO | Loaded 151 records from tomorrow
2025-08-05 14:51:01 | INFO | tomorrow quality: 0.873
2025-08-05 14:51:01 | INFO | Loaded 151 records from weatherbit
2025-08-05 14:51:01 | INFO | weatherbit quality: 0.866
2025-08-05 14:51:01 | INFO | Loaded 151 records from visual_crossing
2025-08-05 14:51:01 | INFO | visual_crossing quality: 0.883
2025-08-05 14:51:01 | INFO | Loaded 7 records from actual_temperatures
2025-08-05 14:51:01 | INFO | Temperature collection rate: 100.0%
2025-08-05 14:51:01 | INFO | Overall system health: healthy
2025-08-05 14:51:01 | ERROR | HIGH SEVERITY ERROR in API Connection Test: API connection failed
2025-08-05 14:51:01 | WARNING | MEDIUM SEVERITY ERROR in Data Validation: Invalid temperature reading: -999°F
2025-08-05 14:51:01 | INFO | LOW SEVERITY ERROR in Network Request: Request timed out after 30 seconds
2025-08-05 14:51:01 | INFO | LOW SEVERITY ERROR in Demo Retry Test (attempt 1/4, retrying in 0.5s): Simulated failure (attempt 1)
2025-08-05 14:51:02 | INFO | LOW SEVERITY ERROR in Demo Retry Test (attempt 2/4, retrying in 1.0s): Simulated failure (attempt 2)
2025-08-05 14:51:03 | INFO | DataManager initialized with data directory: data
2025-08-05 14:51:03 | INFO | NWS: Grid info - Office: LOX, X: 148, Y: 41
2025-08-05 14:51:03 | INFO | Enabled nws client
2025-08-05 14:51:03 | WARNING | No API key found for openweather
2025-08-05 14:51:03 | WARNING | Could not enable openweather client
2025-08-05 14:51:03 | WARNING | No API key found for tomorrow
2025-08-05 14:51:03 | WARNING | Could not enable tomorrow client
2025-08-05 14:51:03 | WARNING | No API key found for weatherbit
2025-08-05 14:51:03 | WARNING | Could not enable weatherbit client
2025-08-05 14:51:03 | WARNING | No API key found for visual_crossing
2025-08-05 14:51:03 | WARNING | Could not enable visual_crossing client
2025-08-05 14:51:03 | INFO | NOAA Observations: Initialized for station KLAX
2025-08-05 14:51:03 | INFO | DataManager initialized with data directory: data
2025-08-05 14:51:03 | INFO | ActualTemperatureCollector initialized
2025-08-05 14:51:03 | INFO | Daily scheduler initialized
2025-08-05 14:51:03 | INFO | Loaded 151 records from nws
2025-08-05 14:51:03 | INFO | Loaded 151 records from openweather
2025-08-05 14:51:03 | INFO | Loaded 151 records from tomorrow
2025-08-05 14:51:03 | INFO | Loaded 151 records from weatherbit
2025-08-05 14:51:03 | INFO | Loaded 151 records from visual_crossing
2025-08-05 14:51:05 | INFO | Daily scheduler initialized
2025-08-05 14:51:05 | INFO | Running task once: health
2025-08-05 14:51:05 | INFO | === Performing System Health Check ===
2025-08-05 14:51:05 | INFO | Testing nws connection...
2025-08-05 14:51:05 | INFO | NWS: Successfully fetched 7 forecast records
2025-08-05 14:51:05 | INFO | nws: Connection test PASSED
2025-08-05 14:51:05 | INFO | API Health: 1/1 APIs responding
2025-08-05 14:51:05 | INFO | Loaded 151 records from nws
2025-08-05 14:51:05 | INFO | nws quality: 0.885
2025-08-05 14:51:05 | INFO | Loaded 151 records from openweather
2025-08-05 14:51:05 | INFO | openweather quality: 0.878
2025-08-05 14:51:05 | INFO | Loaded 151 records from tomorrow
2025-08-05 14:51:05 | INFO | tomorrow quality: 0.873
2025-08-05 14:51:05 | INFO | Loaded 151 records from weatherbit
2025-08-05 14:51:05 | INFO | weatherbit quality: 0.866
2025-08-05 14:51:05 | INFO | Loaded 151 records from visual_crossing
2025-08-05 14:51:05 | INFO | visual_crossing quality: 0.883
2025-08-05 14:51:05 | INFO | Loaded 7 records from actual_temperatures
2025-08-05 14:51:05 | INFO | Temperature collection rate: 100.0%
2025-08-05 14:51:05 | INFO | Overall system health: healthy
2025-08-05 14:51:05 | INFO | Daily scheduler initialized
2025-08-05 14:51:05 | INFO | === Starting Morning Data Collection ===
2025-08-05 14:51:05 | INFO | Fetching 7-day forecast from nws...
2025-08-05 14:51:05 | INFO | NWS: Successfully fetched 7 forecast records
2025-08-05 14:51:05 | INFO | nws: Retrieved 7 forecast records
2025-08-05 14:51:05 | DEBUG | Data quality issues for nws on 2025-08-05 00:00:00: ['Missing low temperature'] (score: 0.80)
2025-08-05 14:51:05 | DEBUG | Data quality issues for nws on 2025-08-06 00:00:00: ['Missing low temperature'] (score: 0.80)
2025-08-05 14:51:05 | DEBUG | Data quality issues for nws on 2025-08-07 00:00:00: ['Missing low temperature'] (score: 0.80)
2025-08-05 14:51:05 | DEBUG | Data quality issues for nws on 2025-08-08 00:00:00: ['Missing low temperature'] (score: 0.80)
2025-08-05 14:51:05 | DEBUG | Data quality issues for nws on 2025-08-09 00:00:00: ['Missing low temperature'] (score: 0.80)
2025-08-05 14:51:05 | DEBUG | Data quality issues for nws on 2025-08-10 00:00:00: ['Missing low temperature'] (score: 0.80)
2025-08-05 14:51:05 | DEBUG | Data quality issues for nws on 2025-08-11 00:00:00: ['Missing low temperature'] (score: 0.80)
2025-08-05 14:51:05 | INFO | Data quality check for nws: avg_score=0.800, low_quality_records=0/7
2025-08-05 14:51:05 | INFO | Appended 7 records to nws (total: 157)
2025-08-05 14:51:05 | INFO | Successfully appended 7 records to nws
2025-08-05 14:51:05 | INFO | ✓ nws: Collected 7 forecast records
2025-08-05 14:51:05 | INFO | Morning collection completed: 1 sources, 7 total records
2025-08-05 14:51:05 | INFO | DataManager initialized with data directory: data
2025-08-05 14:51:05 | INFO | NWS: Grid info - Office: LOX, X: 148, Y: 41
2025-08-05 14:51:05 | INFO | Enabled nws client
2025-08-05 14:51:05 | WARNING | No API key found for openweather
2025-08-05 14:51:05 | WARNING | Could not enable openweather client
2025-08-05 14:51:05 | WARNING | No API key found for tomorrow
2025-08-05 14:51:05 | WARNING | Could not enable tomorrow client
2025-08-05 14:51:05 | WARNING | No API key found for weatherbit
2025-08-05 14:51:05 | WARNING | Could not enable weatherbit client
2025-08-05 14:51:05 | WARNING | No API key found for visual_crossing
2025-08-05 14:51:05 | WARNING | Could not enable visual_crossing client
2025-08-05 14:51:05 | INFO | NOAA Observations: Initialized for station KLAX
2025-08-05 14:51:05 | INFO | DataManager initialized with data directory: data
2025-08-05 14:51:05 | INFO | ActualTemperatureCollector initialized
2025-08-05 14:51:05 | INFO | Daily scheduler initialized
2025-08-05 14:51:05 | INFO | === Starting Evening Actual Temperature Collection ===
2025-08-05 14:51:05 | INFO | Loaded 151 records from actual_temperatures
2025-08-05 14:51:05 | INFO | Actual temperature for 2025-08-04 already exists: 80.5°F
2025-08-05 14:51:05 | INFO | ✓ Successfully collected actual temperature: 80.5°F for 2025-08-04
2025-08-05 14:59:18 | INFO | Daily scheduler initialized
2025-08-05 14:59:18 | INFO | Running task once: prediction
2025-08-05 14:59:18 | INFO | === Starting Daily Prediction and Trading Pipeline ===
2025-08-05 14:59:18 | INFO | === Running Daily Prediction Pipeline for 2025-08-05 ===
2025-08-05 14:59:18 | INFO | Step 1: Generating features...
2025-08-05 14:59:18 | INFO | Generating features for prediction on 2025-08-05
2025-08-05 14:59:18 | INFO | Creating features for date range: 2025-07-05 to 2025-08-04
2025-08-05 14:59:18 | INFO | Loaded 31 records from nws
2025-08-05 14:59:18 | INFO | Loaded 31 records from openweather
2025-08-05 14:59:18 | INFO | Loaded 31 records from tomorrow
2025-08-05 14:59:18 | INFO | Loaded 31 records from weatherbit
2025-08-05 14:59:18 | INFO | Loaded 31 records from visual_crossing
2025-08-05 14:59:18 | INFO | Found data from 5 sources: ['nws', 'openweather', 'tomorrow', 'weatherbit', 'visual_crossing']
2025-08-05 14:59:18 | DEBUG | Extracted 6 temperature features from nws
2025-08-05 14:59:18 | DEBUG | Extracted 11 atmospheric features from nws
2025-08-05 14:59:18 | DEBUG | Extracted 10 quality features from nws
2025-08-05 14:59:18 | INFO | Extracted 27 features from nws (31 records)
2025-08-05 14:59:18 | INFO | Cleaned outliers in openweather: {'humidity': np.int64(1), 'pressure': np.int64(2)}
2025-08-05 14:59:18 | DEBUG | Extracted 6 temperature features from openweather
2025-08-05 14:59:18 | DEBUG | Extracted 11 atmospheric features from openweather
2025-08-05 14:59:18 | DEBUG | Extracted 10 quality features from openweather
2025-08-05 14:59:18 | INFO | Extracted 27 features from openweather (31 records)
2025-08-05 14:59:19 | DEBUG | Extracted 6 temperature features from tomorrow
2025-08-05 14:59:19 | DEBUG | Extracted 11 atmospheric features from tomorrow
2025-08-05 14:59:19 | DEBUG | Extracted 10 quality features from tomorrow
2025-08-05 14:59:19 | INFO | Extracted 27 features from tomorrow (31 records)
2025-08-05 14:59:19 | INFO | Cleaned outliers in weatherbit: {'humidity': np.int64(2), 'wind_speed': np.int64(3)}
2025-08-05 14:59:19 | DEBUG | Extracted 6 temperature features from weatherbit
2025-08-05 14:59:19 | DEBUG | Extracted 11 atmospheric features from weatherbit
2025-08-05 14:59:19 | DEBUG | Extracted 10 quality features from weatherbit
2025-08-05 14:59:19 | INFO | Extracted 27 features from weatherbit (31 records)
2025-08-05 14:59:19 | INFO | Cleaned outliers in visual_crossing: {'predicted_high': np.int64(1), 'predicted_low': np.int64(1), 'humidity': np.int64(1), 'wind_speed': np.int64(2)}
2025-08-05 14:59:19 | DEBUG | Extracted 6 temperature features from visual_crossing
2025-08-05 14:59:19 | DEBUG | Extracted 11 atmospheric features from visual_crossing
2025-08-05 14:59:19 | DEBUG | Extracted 10 quality features from visual_crossing
2025-08-05 14:59:19 | INFO | Extracted 27 features from visual_crossing (31 records)
2025-08-05 14:59:19 | DEBUG | Extracted 17 date-based features
2025-08-05 14:59:19 | INFO | Combined features from all sources: 152 features, 31 records
2025-08-05 14:59:19 | INFO | Created 152 features for 31 records
2025-08-05 14:59:19 | INFO | Generated 153 features for 2025-08-05
2025-08-05 14:59:19 | INFO | Step 2: Generating temperature prediction...
2025-08-05 14:59:19 | INFO | Generating temperature prediction for 2025-08-05
2025-08-05 14:59:19 | ERROR | Error generating prediction for 2025-08-05: 'EnhancedEnsembleCombiner' object has no attribute 'predict_with_confidence'
2025-08-05 14:59:19 | INFO | LOW SEVERITY ERROR in Model Prediction (attempt 1/4, retrying in 1.0s): 'EnhancedEnsembleCombiner' object has no attribute 'predict_with_confidence'
2025-08-05 14:59:20 | INFO | Generating temperature prediction for 2025-08-05
2025-08-05 14:59:20 | ERROR | Error generating prediction for 2025-08-05: 'EnhancedEnsembleCombiner' object has no attribute 'predict_with_confidence'
2025-08-05 14:59:20 | INFO | LOW SEVERITY ERROR in Model Prediction (attempt 2/4, retrying in 2.0s): 'EnhancedEnsembleCombiner' object has no attribute 'predict_with_confidence'
2025-08-05 14:59:22 | INFO | Generating temperature prediction for 2025-08-05
2025-08-05 14:59:22 | ERROR | Error generating prediction for 2025-08-05: 'EnhancedEnsembleCombiner' object has no attribute 'predict_with_confidence'
2025-08-05 14:59:22 | INFO | LOW SEVERITY ERROR in Model Prediction (attempt 3/4, retrying in 4.0s): 'EnhancedEnsembleCombiner' object has no attribute 'predict_with_confidence'
2025-08-05 14:59:26 | INFO | Generating temperature prediction for 2025-08-05
2025-08-05 14:59:26 | ERROR | Error generating prediction for 2025-08-05: 'EnhancedEnsembleCombiner' object has no attribute 'predict_with_confidence'
2025-08-05 14:59:26 | ERROR | HIGH SEVERITY ERROR in Model Prediction (final attempt 4/4): 'EnhancedEnsembleCombiner' object has no attribute 'predict_with_confidence'
2025-08-05 14:59:26 | ERROR | Pipeline failed with error: 'EnhancedEnsembleCombiner' object has no attribute 'predict_with_confidence'
2025-08-05 14:59:26 | ERROR | HIGH SEVERITY ERROR in Daily Prediction Pipeline for 2025-08-05: 'EnhancedEnsembleCombiner' object has no attribute 'predict_with_confidence'
2025-08-05 14:59:26 | CRITICAL | ALERT: 2 high errors in the last hour (threshold: 2)
2025-08-05 14:59:26 | ERROR | ✗ Prediction pipeline failed
2025-08-05 14:59:26 | ERROR | Pipeline error: Pipeline failed with error: 'EnhancedEnsembleCombiner' object has no attribute 'predict_with_confidence'
2025-08-05 14:59:42 | INFO | Daily scheduler initialized
2025-08-05 14:59:42 | INFO | Running task once: prediction
2025-08-05 14:59:42 | INFO | === Starting Daily Prediction and Trading Pipeline ===
2025-08-05 14:59:42 | INFO | === Running Daily Prediction Pipeline for 2025-08-05 ===
2025-08-05 14:59:42 | INFO | Step 1: Generating features...
2025-08-05 14:59:42 | INFO | Generating features for prediction on 2025-08-05
2025-08-05 14:59:42 | INFO | Creating features for date range: 2025-07-05 to 2025-08-04
2025-08-05 14:59:42 | INFO | Loaded 31 records from nws
2025-08-05 14:59:42 | INFO | Loaded 31 records from openweather
2025-08-05 14:59:42 | INFO | Loaded 31 records from tomorrow
2025-08-05 14:59:42 | INFO | Loaded 31 records from weatherbit
2025-08-05 14:59:42 | INFO | Loaded 31 records from visual_crossing
2025-08-05 14:59:42 | INFO | Found data from 5 sources: ['nws', 'openweather', 'tomorrow', 'weatherbit', 'visual_crossing']
2025-08-05 14:59:42 | DEBUG | Extracted 6 temperature features from nws
2025-08-05 14:59:42 | DEBUG | Extracted 11 atmospheric features from nws
2025-08-05 14:59:42 | DEBUG | Extracted 10 quality features from nws
2025-08-05 14:59:42 | INFO | Extracted 27 features from nws (31 records)
2025-08-05 14:59:42 | INFO | Cleaned outliers in openweather: {'humidity': np.int64(1), 'pressure': np.int64(2)}
2025-08-05 14:59:42 | DEBUG | Extracted 6 temperature features from openweather
2025-08-05 14:59:42 | DEBUG | Extracted 11 atmospheric features from openweather
2025-08-05 14:59:42 | DEBUG | Extracted 10 quality features from openweather
2025-08-05 14:59:42 | INFO | Extracted 27 features from openweather (31 records)
2025-08-05 14:59:42 | DEBUG | Extracted 6 temperature features from tomorrow
2025-08-05 14:59:42 | DEBUG | Extracted 11 atmospheric features from tomorrow
2025-08-05 14:59:42 | DEBUG | Extracted 10 quality features from tomorrow
2025-08-05 14:59:42 | INFO | Extracted 27 features from tomorrow (31 records)
2025-08-05 14:59:42 | INFO | Cleaned outliers in weatherbit: {'humidity': np.int64(2), 'wind_speed': np.int64(3)}
2025-08-05 14:59:42 | DEBUG | Extracted 6 temperature features from weatherbit
2025-08-05 14:59:42 | DEBUG | Extracted 11 atmospheric features from weatherbit
2025-08-05 14:59:42 | DEBUG | Extracted 10 quality features from weatherbit
2025-08-05 14:59:42 | INFO | Extracted 27 features from weatherbit (31 records)
2025-08-05 14:59:42 | INFO | Cleaned outliers in visual_crossing: {'predicted_high': np.int64(1), 'predicted_low': np.int64(1), 'humidity': np.int64(1), 'wind_speed': np.int64(2)}
2025-08-05 14:59:42 | DEBUG | Extracted 6 temperature features from visual_crossing
2025-08-05 14:59:42 | DEBUG | Extracted 11 atmospheric features from visual_crossing
2025-08-05 14:59:42 | DEBUG | Extracted 10 quality features from visual_crossing
2025-08-05 14:59:42 | INFO | Extracted 27 features from visual_crossing (31 records)
2025-08-05 14:59:42 | DEBUG | Extracted 17 date-based features
2025-08-05 14:59:42 | INFO | Combined features from all sources: 152 features, 31 records
2025-08-05 14:59:42 | INFO | Created 152 features for 31 records
2025-08-05 14:59:42 | INFO | Generated 153 features for 2025-08-05
2025-08-05 14:59:42 | INFO | Step 2: Generating temperature prediction...
2025-08-05 14:59:42 | INFO | Generating temperature prediction for 2025-08-05
2025-08-05 14:59:42 | INFO | Detected weather condition: marine_layer
2025-08-05 14:59:42 | WARNING | Only 0 models available, using all trained models
2025-08-05 14:59:42 | ERROR | Error generating prediction for 2025-08-05: No trained models available for prediction
2025-08-05 14:59:42 | INFO | LOW SEVERITY ERROR in Model Prediction (attempt 1/4, retrying in 1.0s): No trained models available for prediction
2025-08-05 14:59:43 | INFO | Generating temperature prediction for 2025-08-05
2025-08-05 14:59:43 | INFO | Detected weather condition: marine_layer
2025-08-05 14:59:43 | WARNING | Only 0 models available, using all trained models
2025-08-05 14:59:43 | ERROR | Error generating prediction for 2025-08-05: No trained models available for prediction
2025-08-05 14:59:43 | INFO | LOW SEVERITY ERROR in Model Prediction (attempt 2/4, retrying in 2.0s): No trained models available for prediction
2025-08-05 14:59:45 | INFO | Generating temperature prediction for 2025-08-05
2025-08-05 14:59:45 | INFO | Detected weather condition: marine_layer
2025-08-05 14:59:45 | WARNING | Only 0 models available, using all trained models
2025-08-05 14:59:45 | ERROR | Error generating prediction for 2025-08-05: No trained models available for prediction
2025-08-05 14:59:45 | INFO | LOW SEVERITY ERROR in Model Prediction (attempt 3/4, retrying in 4.0s): No trained models available for prediction
2025-08-05 14:59:49 | INFO | Generating temperature prediction for 2025-08-05
2025-08-05 14:59:49 | INFO | Detected weather condition: marine_layer
2025-08-05 14:59:49 | WARNING | Only 0 models available, using all trained models
2025-08-05 14:59:49 | ERROR | Error generating prediction for 2025-08-05: No trained models available for prediction
2025-08-05 14:59:49 | ERROR | HIGH SEVERITY ERROR in Model Prediction (final attempt 4/4): No trained models available for prediction
2025-08-05 14:59:49 | ERROR | Pipeline failed with error: No trained models available for prediction
2025-08-05 14:59:49 | ERROR | HIGH SEVERITY ERROR in Daily Prediction Pipeline for 2025-08-05: No trained models available for prediction
2025-08-05 14:59:49 | CRITICAL | ALERT: 2 high errors in the last hour (threshold: 2)
2025-08-05 14:59:49 | ERROR | ✗ Prediction pipeline failed
2025-08-05 14:59:49 | ERROR | Pipeline error: Pipeline failed with error: No trained models available for prediction
