2025-07-28 15:34:14 | INFO     | utils.logging:setup_logging:43 - Logging configured successfully
2025-07-28 15:34:17 | INFO     | __main__:main:17 - Starting Kalshi Weather Predictor
2025-07-28 15:34:17 | INFO     | utils.data_manager:__init__:32 - DataManager initialized with data directory: data
2025-07-28 15:34:17 | INFO     | __main__:main:23 - Configuration loaded from: C:\Github\Projects\Kalshi Weather Predictor\config\config.yaml
2025-07-28 15:34:17 | INFO     | __main__:main:24 - Data directory: data
2025-07-28 15:34:17 | INFO     | __main__:main:25 - Location: Los Angeles, CA
2025-07-28 15:34:17 | INFO     | __main__:main:29 - Data summary:
2025-07-28 15:34:17 | INFO     | __main__:main:34 -   nws: file_not_found
2025-07-28 15:34:17 | INFO     | __main__:main:34 -   openweather: file_not_found
2025-07-28 15:34:17 | INFO     | __main__:main:34 -   tomorrow: file_not_found
2025-07-28 15:34:17 | INFO     | __main__:main:34 -   weatherbit: file_not_found
2025-07-28 15:34:17 | INFO     | __main__:main:34 -   visual_crossing: file_not_found
2025-07-28 15:34:17 | INFO     | __main__:main:34 -   actual_temperatures: file_not_found
2025-07-28 15:34:17 | INFO     | __main__:main:34 -   predictions: file_not_found
2025-07-28 15:34:17 | INFO     | __main__:main:34 -   model_performance: file_not_found
2025-07-28 15:34:17 | INFO     | __main__:main:36 - Kalshi Weather Predictor initialized successfully
2025-08-05 14:16:24.908 | INFO     | src.monitoring.system_monitor:__init__:62 - SystemMonitor initialized
2025-08-05 14:16:24.909 | INFO     | src.monitoring.system_monitor:log_prediction:144 - PREDICTION | {"timestamp": "2025-08-05T14:16:24.909927", "type": "prediction", "target_date": "2025-08-06", "predicted_temperature": 78.5, "confidence": 0.85, "model_info": {"model_type": "ensemble", "models_used": ["xgboost", "lightgbm", "linear_regression"], "weights": [0.5, 0.3, 0.2]}, "features_used": ["nws_predicted_high", "openweather_predicted_high", "tomorrow_predicted_high", "humidity_avg", "pressure_avg", "day_of_year", "month"], "session_id": "20250805_14"}
2025-08-05 14:16:24.922 | INFO     | src.utils.data_manager:save_source_data:164 - Appended 1 records to predictions (total: 3)
2025-08-05 14:16:24.922 | INFO     | src.utils.data_manager:store_prediction:483 - Stored prediction for 2025-08-06: 78.5°F (confidence: 0.850)
2025-08-05 14:16:24.923 | INFO     | src.monitoring.system_monitor:log_actual_temperature:174 - ACTUAL_TEMP | {"timestamp": "2025-08-05T14:16:24.923784", "type": "actual_temperature", "target_date": "2025-08-04", "actual_temperature": 77.2, "source": "NOAA", "session_id": "20250805_14"}
2025-08-05 14:16:24.939 | ERROR    | src.utils.data_manager:save_source_data:171 - Error saving data to actual_temperatures: ("Could not convert 'NOAA' with type str: tried to convert to double", 'Conversion failed for column actual_low with type object')
2025-08-05 14:16:24.939 | ERROR    | src.utils.data_manager:store_actual_temperature:512 - Error storing actual temperature: ("Could not convert 'NOAA' with type str: tried to convert to double", 'Conversion failed for column actual_low with type object')
2025-08-05 14:16:24.952 | INFO     | src.utils.data_manager:load_source_data:136 - Loaded 3 records from predictions
2025-08-05 14:16:24.954 | INFO     | src.monitoring.system_monitor:log_api_call:211 - API_MONITOR | {"timestamp": "2025-08-05T14:16:24.954575", "type": "api_call", "api_name": "openweather", "endpoint": "/weather/forecast", "success": true, "response_time_seconds": 1.2, "error_message": null, "data_quality": 0.92, "session_id": "20250805_14"}
2025-08-05 14:16:24.955 | INFO     | src.monitoring.system_monitor:log_api_call:211 - API_MONITOR | {"timestamp": "2025-08-05T14:16:24.955354", "type": "api_call", "api_name": "weatherbit", "endpoint": "/forecast/daily", "success": false, "response_time_seconds": 5.0, "error_message": "Connection timeout", "data_quality": null, "session_id": "20250805_14"}
2025-08-05 14:16:24.955 | INFO     | src.monitoring.system_monitor:log_api_call:211 - API_MONITOR | {"timestamp": "2025-08-05T14:16:24.955922", "type": "api_call", "api_name": "tomorrow", "endpoint": "/weather/forecast", "success": true, "response_time_seconds": 35.0, "error_message": null, "data_quality": 0.88, "session_id": "20250805_14"}
2025-08-05 14:16:24.956 | WARNING  | src.monitoring.system_monitor:_create_alert:752 - ALERT | {"timestamp": "2025-08-05T14:16:24.956449", "type": "slow_api_response", "message": "tomorrow response time 35.0s exceeds threshold", "severity": "warning", "session_id": "20250805_14"}
2025-08-05 14:16:24.957 | WARNING  | src.monitoring.system_monitor:log_error:260 - WARNING | {"timestamp": "2025-08-05T14:16:24.956794", "type": "error", "error_type": "ValueError", "error_message": "Data quality below threshold for visual_crossing", "stack_trace": "Traceback (most recent call last):\n  File \"C:\\Github\\Projects\\Kalshi Weather Predictor\\src\\monitoring\\demo_system_monitor.py\", line 153, in demo_system_monitoring\n    raise ValueError(\"Data quality below threshold for visual_crossing\")\nValueError: Data quality below threshold for visual_crossing\n", "context": {"source": "visual_crossing", "quality_score": 0.65}, "severity": "warning", "session_id": "20250805_14"}
2025-08-05 14:16:24.958 | CRITICAL | src.monitoring.system_monitor:log_error:255 - CRITICAL_ERROR | {"timestamp": "2025-08-05T14:16:24.957905", "type": "error", "error_type": "ConnectionError", "error_message": "Unable to connect to primary database", "stack_trace": "Traceback (most recent call last):\n  File \"C:\\Github\\Projects\\Kalshi Weather Predictor\\src\\monitoring\\demo_system_monitor.py\", line 165, in demo_system_monitoring\n    raise ConnectionError(\"Unable to connect to primary database\")\nConnectionError: Unable to connect to primary database\n", "context": {"component": "database", "retry_count": 3}, "severity": "critical", "session_id": "20250805_14"}
2025-08-05 14:16:24.958 | CRITICAL | src.monitoring.system_monitor:_create_alert:750 - ALERT | {"timestamp": "2025-08-05T14:16:24.958683", "type": "critical_error", "message": "Critical error: Unable to connect to primary database", "severity": "critical", "session_id": "20250805_14"}
2025-08-05 14:16:24.959 | INFO     | src.monitoring.system_monitor:log_performance_metrics:286 - PERFORMANCE | {"timestamp": "2025-08-05T14:16:24.959152", "type": "performance_metrics", "metrics": {"prediction_accuracy_3f": 0.82, "average_mae": 1.8, "api_success_rate": 0.95, "data_quality_avg": 0.87, "response_time_avg": 2.1, "memory_usage_mb": 245, "disk_usage_mb": 150, "active_models": 4, "predictions_made_today": 12}, "session_id": "20250805_14"}
2025-08-05 14:16:25.960 | INFO     | src.monitoring.system_monitor:monitor_system_health:301 - Starting system health monitoring
2025-08-05 14:16:26.011 | INFO     | src.utils.data_manager:load_source_data:136 - Loaded 151 records from nws
2025-08-05 14:16:26.014 | INFO     | src.utils.data_manager:load_source_data:136 - Loaded 151 records from openweather
2025-08-05 14:16:26.016 | INFO     | src.utils.data_manager:load_source_data:136 - Loaded 151 records from tomorrow
2025-08-05 14:16:26.017 | INFO     | src.utils.data_manager:load_source_data:136 - Loaded 151 records from weatherbit
2025-08-05 14:16:26.019 | INFO     | src.utils.data_manager:load_source_data:136 - Loaded 151 records from visual_crossing
2025-08-05 14:16:26.022 | INFO     | src.utils.data_manager:load_source_data:136 - Loaded 151 records from actual_temperatures
2025-08-05 14:16:26.024 | INFO     | src.utils.data_manager:load_source_data:136 - Loaded 151 records from nws
2025-08-05 14:16:26.026 | INFO     | src.utils.data_manager:load_source_data:136 - Loaded 151 records from actual_temperatures
2025-08-05 14:16:26.030 | INFO     | src.monitoring.performance_tracker:track_source_performance:221 - Performance tracking for nws: poor (±3°F accuracy: 0.625, MAE: 2.62°F)
2025-08-05 14:16:26.032 | INFO     | src.utils.data_manager:load_source_data:136 - Loaded 151 records from openweather
2025-08-05 14:16:26.034 | INFO     | src.utils.data_manager:load_source_data:136 - Loaded 151 records from actual_temperatures
2025-08-05 14:16:26.037 | INFO     | src.monitoring.performance_tracker:track_source_performance:221 - Performance tracking for openweather: acceptable (±3°F accuracy: 0.750, MAE: 1.74°F)
2025-08-05 14:16:26.039 | INFO     | src.utils.data_manager:load_source_data:136 - Loaded 151 records from tomorrow
2025-08-05 14:16:26.041 | INFO     | src.utils.data_manager:load_source_data:136 - Loaded 151 records from actual_temperatures
2025-08-05 14:16:26.044 | INFO     | src.monitoring.performance_tracker:track_source_performance:221 - Performance tracking for tomorrow: good (±3°F accuracy: 0.875, MAE: 1.80°F)
2025-08-05 14:16:26.046 | INFO     | src.utils.data_manager:load_source_data:136 - Loaded 151 records from weatherbit
2025-08-05 14:16:26.047 | INFO     | src.utils.data_manager:load_source_data:136 - Loaded 151 records from actual_temperatures
2025-08-05 14:16:26.050 | INFO     | src.monitoring.performance_tracker:track_source_performance:221 - Performance tracking for weatherbit: poor (±3°F accuracy: 0.000, MAE: 12.81°F)
2025-08-05 14:16:26.052 | INFO     | src.utils.data_manager:load_source_data:136 - Loaded 151 records from visual_crossing
2025-08-05 14:16:26.054 | INFO     | src.utils.data_manager:load_source_data:136 - Loaded 151 records from actual_temperatures
2025-08-05 14:16:26.057 | INFO     | src.monitoring.performance_tracker:track_source_performance:221 - Performance tracking for visual_crossing: poor (±3°F accuracy: 0.000, MAE: 14.05°F)
2025-08-05 14:16:26.060 | INFO     | src.utils.data_manager:load_source_data:136 - Loaded 3 records from predictions
2025-08-05 14:16:26.060 | INFO     | src.monitoring.model_retrainer:check_retraining_needed:106 - Checking if retraining is needed for ensemble
2025-08-05 14:16:26.062 | INFO     | src.utils.data_manager:load_source_data:136 - Loaded 151 records from nws
2025-08-05 14:16:26.064 | INFO     | src.utils.data_manager:load_source_data:136 - Loaded 151 records from actual_temperatures
2025-08-05 14:16:26.066 | INFO     | src.monitoring.performance_tracker:track_source_performance:221 - Performance tracking for nws: poor (±3°F accuracy: 0.625, MAE: 2.62°F)
2025-08-05 14:16:26.068 | INFO     | src.utils.data_manager:load_source_data:136 - Loaded 151 records from openweather
2025-08-05 14:16:26.071 | INFO     | src.utils.data_manager:load_source_data:136 - Loaded 151 records from actual_temperatures
2025-08-05 14:16:26.074 | INFO     | src.monitoring.performance_tracker:track_source_performance:221 - Performance tracking for openweather: acceptable (±3°F accuracy: 0.750, MAE: 1.74°F)
2025-08-05 14:16:26.076 | INFO     | src.utils.data_manager:load_source_data:136 - Loaded 151 records from tomorrow
2025-08-05 14:16:26.077 | INFO     | src.utils.data_manager:load_source_data:136 - Loaded 151 records from actual_temperatures
2025-08-05 14:16:26.080 | INFO     | src.monitoring.performance_tracker:track_source_performance:221 - Performance tracking for tomorrow: good (±3°F accuracy: 0.875, MAE: 1.80°F)
2025-08-05 14:16:26.082 | INFO     | src.utils.data_manager:load_source_data:136 - Loaded 151 records from weatherbit
2025-08-05 14:16:26.083 | INFO     | src.utils.data_manager:load_source_data:136 - Loaded 151 records from actual_temperatures
2025-08-05 14:16:26.085 | INFO     | src.monitoring.performance_tracker:track_source_performance:221 - Performance tracking for weatherbit: poor (±3°F accuracy: 0.000, MAE: 12.81°F)
2025-08-05 14:16:26.088 | INFO     | src.utils.data_manager:load_source_data:136 - Loaded 151 records from visual_crossing
2025-08-05 14:16:26.090 | INFO     | src.utils.data_manager:load_source_data:136 - Loaded 151 records from actual_temperatures
2025-08-05 14:16:26.093 | INFO     | src.monitoring.performance_tracker:track_source_performance:221 - Performance tracking for visual_crossing: poor (±3°F accuracy: 0.000, MAE: 14.05°F)
2025-08-05 14:16:26.095 | INFO     | src.utils.data_manager:load_source_data:136 - Loaded 3 records from predictions
2025-08-05 14:16:26.098 | INFO     | src.utils.data_manager:load_source_data:136 - Loaded 151 records from nws
2025-08-05 14:16:26.099 | INFO     | src.utils.data_manager:load_source_data:136 - Loaded 151 records from actual_temperatures
2025-08-05 14:16:26.101 | INFO     | src.monitoring.performance_tracker:track_source_performance:221 - Performance tracking for nws: good (±3°F accuracy: 0.871, MAE: 1.77°F)
2025-08-05 14:16:26.104 | INFO     | src.utils.data_manager:load_source_data:136 - Loaded 151 records from openweather
2025-08-05 14:16:26.106 | INFO     | src.utils.data_manager:load_source_data:136 - Loaded 151 records from actual_temperatures
2025-08-05 14:16:26.109 | INFO     | src.monitoring.performance_tracker:track_source_performance:221 - Performance tracking for openweather: good (±3°F accuracy: 0.839, MAE: 1.87°F)
2025-08-05 14:16:26.111 | INFO     | src.utils.data_manager:load_source_data:136 - Loaded 151 records from tomorrow
2025-08-05 14:16:26.112 | INFO     | src.utils.data_manager:load_source_data:136 - Loaded 151 records from actual_temperatures
2025-08-05 14:16:26.115 | INFO     | src.monitoring.performance_tracker:track_source_performance:221 - Performance tracking for tomorrow: acceptable (±3°F accuracy: 0.742, MAE: 2.15°F)
2025-08-05 14:16:26.117 | INFO     | src.utils.data_manager:load_source_data:136 - Loaded 151 records from weatherbit
2025-08-05 14:16:26.118 | INFO     | src.utils.data_manager:load_source_data:136 - Loaded 151 records from actual_temperatures
2025-08-05 14:16:26.122 | INFO     | src.monitoring.performance_tracker:track_source_performance:221 - Performance tracking for weatherbit: poor (±3°F accuracy: 0.452, MAE: 5.14°F)
2025-08-05 14:16:26.125 | INFO     | src.utils.data_manager:load_source_data:136 - Loaded 151 records from visual_crossing
2025-08-05 14:16:26.126 | INFO     | src.utils.data_manager:load_source_data:136 - Loaded 151 records from actual_temperatures
2025-08-05 14:16:26.129 | INFO     | src.monitoring.performance_tracker:track_source_performance:221 - Performance tracking for visual_crossing: acceptable (±3°F accuracy: 0.742, MAE: 4.78°F)
2025-08-05 14:16:26.132 | INFO     | src.utils.data_manager:load_source_data:136 - Loaded 3 records from predictions
2025-08-05 14:16:26.151 | INFO     | src.monitoring.model_retrainer:check_retraining_needed:177 - Retraining check for ensemble: NEEDED
2025-08-05 14:16:26.151 | INFO     | src.monitoring.model_retrainer:check_retraining_needed:179 - Reasons: nws: accuracy dropped by 0.246; nws: accuracy 0.625 below threshold 0.7; weatherbit: accuracy dropped by 0.452; weatherbit: accuracy 0.000 below threshold 0.7; visual_crossing: accuracy dropped by 0.742; visual_crossing: accuracy 0.000 below threshold 0.7; No previous retraining record found
2025-08-05 14:16:26.170 | INFO     | src.monitoring.system_monitor:monitor_system_health:346 - System health check completed: critical
2025-08-05 14:16:26.171 | INFO     | src.monitoring.system_monitor:log_performance_metrics:286 - PERFORMANCE | {"timestamp": "2025-08-05T14:16:26.171216", "type": "performance_metrics", "metrics": {"system_health": {"timestamp": "2025-08-05T14:16:25.960578", "overall_status": "critical", "components": {"apis": {"status": "warning", "apis": {"nws": {"status": "healthy", "failure_count": 0}, "openweather": {"status": "healthy", "failure_count": 0}, "tomorrow": {"status": "healthy", "failure_count": 0}, "weatherbit": {"status": "warning", "failure_count": 1}, "visual_crossing": {"status": "healthy", "failure_count": 0}}, "total_failures": 1, "most_failures": ["weatherbit", 1]}, "data": {"status": "healthy", "sources": {"nws": {"status": "healthy", "records": 151, "quality_score": 0.8849551055701275, "recent_data": true}, "openweather": {"status": "healthy", "records": 151, "quality_score": 0.8784642078906827, "recent_data": true}, "tomorrow": {"status": "healthy", "records": 151, "quality_score": 0.8730006821560596, "recent_data": true}, "weatherbit": {"status": "healthy", "records": 151, "quality_score": 0.8662464778449708, "recent_data": true}, "visual_crossing": {"status": "healthy", "records": 151, "quality_score": 0.8832185047402333, "recent_data": true}, "actual_temperatures": {"status": "healthy", "records": 151, "quality_score": 0.8, "recent_data": true}}, "total_records": 906, "avg_quality_score": 0.8643141630336789, "recent_data_available": true}, "models": {"status": "critical", "models": {"nws": {"status": "warning", "accuracy_3f": 0.625, "mae": 2.6221252259103416, "performance_category": "poor"}, "openweather": {"status": "healthy", "accuracy_3f": 0.75, "mae": 1.743252748313905, "performance_category": "acceptable"}, "tomorrow": {"status": "healthy", "accuracy_3f": 0.875, "mae": 1.8046912823801993, "performance_category": "good"}, "weatherbit": {"status": "critical", "accuracy_3f": 0.0, "mae": 12.809327053841347, "performance_category": "poor"}, "visual_crossing": {"status": "critical", "accuracy_3f": 0.0, "mae": 14.048639115645322, "performance_category": "poor"}}, "last_retraining": null, "performance_trend": "stable", "needs_retraining": true, "retraining_reasons": ["nws: accuracy dropped by 0.246", "nws: accuracy 0.625 below threshold 0.7", "weatherbit: accuracy dropped by 0.452", "weatherbit: accuracy 0.000 below threshold 0.7", "visual_crossing: accuracy dropped by 0.742", "visual_crossing: accuracy 0.000 below threshold 0.7", "No previous retraining record found"]}, "resources": {"status": "healthy", "memory": {"used_mb": 18562.78125, "available_mb": 5111.07421875, "percent": 78.4}, "disk": {"used_mb": 340914.9609375, "free_mb": 634241.35546875, "percent": 34.96003206889703}}, "errors": {"status": "critical", "recent_errors_24h": 2, "critical_errors_24h": 1, "error_types": {"ValueError": 1, "ConnectionError": 1}}}, "alerts": [{"timestamp": "2025-08-05T14:16:24.956449", "type": "slow_api_response", "message": "tomorrow response time 35.0s exceeds threshold", "severity": "warning", "session_id": "20250805_14"}, {"timestamp": "2025-08-05T14:16:24.958683", "type": "critical_error", "message": "Critical error: Unable to connect to primary database", "severity": "critical", "session_id": "20250805_14"}], "recommendations": ["Check API connectivity and consider backup data sources", "Consider model retraining or parameter adjustment", "Investigate recent error patterns and implement fixes"]}}, "session_id": "20250805_14"}
2025-08-05 14:16:26.174 | INFO     | src.monitoring.system_monitor:monitor_system_health:301 - Starting system health monitoring
2025-08-05 14:16:26.195 | INFO     | src.utils.data_manager:load_source_data:136 - Loaded 151 records from nws
2025-08-05 14:16:26.198 | INFO     | src.utils.data_manager:load_source_data:136 - Loaded 151 records from openweather
2025-08-05 14:16:26.200 | INFO     | src.utils.data_manager:load_source_data:136 - Loaded 151 records from tomorrow
2025-08-05 14:16:26.202 | INFO     | src.utils.data_manager:load_source_data:136 - Loaded 151 records from weatherbit
2025-08-05 14:16:26.204 | INFO     | src.utils.data_manager:load_source_data:136 - Loaded 151 records from visual_crossing
2025-08-05 14:16:26.207 | INFO     | src.utils.data_manager:load_source_data:136 - Loaded 151 records from actual_temperatures
2025-08-05 14:16:26.209 | INFO     | src.utils.data_manager:load_source_data:136 - Loaded 151 records from nws
2025-08-05 14:16:26.210 | INFO     | src.utils.data_manager:load_source_data:136 - Loaded 151 records from actual_temperatures
2025-08-05 14:16:26.213 | INFO     | src.monitoring.performance_tracker:track_source_performance:221 - Performance tracking for nws: poor (±3°F accuracy: 0.625, MAE: 2.62°F)
2025-08-05 14:16:26.216 | INFO     | src.utils.data_manager:load_source_data:136 - Loaded 151 records from openweather
2025-08-05 14:16:26.217 | INFO     | src.utils.data_manager:load_source_data:136 - Loaded 151 records from actual_temperatures
2025-08-05 14:16:26.220 | INFO     | src.monitoring.performance_tracker:track_source_performance:221 - Performance tracking for openweather: acceptable (±3°F accuracy: 0.750, MAE: 1.74°F)
2025-08-05 14:16:26.222 | INFO     | src.utils.data_manager:load_source_data:136 - Loaded 151 records from tomorrow
2025-08-05 14:16:26.224 | INFO     | src.utils.data_manager:load_source_data:136 - Loaded 151 records from actual_temperatures
2025-08-05 14:16:26.227 | INFO     | src.monitoring.performance_tracker:track_source_performance:221 - Performance tracking for tomorrow: good (±3°F accuracy: 0.875, MAE: 1.80°F)
2025-08-05 14:16:26.229 | INFO     | src.utils.data_manager:load_source_data:136 - Loaded 151 records from weatherbit
2025-08-05 14:16:26.230 | INFO     | src.utils.data_manager:load_source_data:136 - Loaded 151 records from actual_temperatures
2025-08-05 14:16:26.233 | INFO     | src.monitoring.performance_tracker:track_source_performance:221 - Performance tracking for weatherbit: poor (±3°F accuracy: 0.000, MAE: 12.81°F)
2025-08-05 14:16:26.236 | INFO     | src.utils.data_manager:load_source_data:136 - Loaded 151 records from visual_crossing
2025-08-05 14:16:26.238 | INFO     | src.utils.data_manager:load_source_data:136 - Loaded 151 records from actual_temperatures
2025-08-05 14:16:26.241 | INFO     | src.monitoring.performance_tracker:track_source_performance:221 - Performance tracking for visual_crossing: poor (±3°F accuracy: 0.000, MAE: 14.05°F)
2025-08-05 14:16:26.244 | INFO     | src.utils.data_manager:load_source_data:136 - Loaded 3 records from predictions
2025-08-05 14:16:26.245 | INFO     | src.monitoring.model_retrainer:check_retraining_needed:106 - Checking if retraining is needed for ensemble
2025-08-05 14:16:26.246 | INFO     | src.utils.data_manager:load_source_data:136 - Loaded 151 records from nws
2025-08-05 14:16:26.248 | INFO     | src.utils.data_manager:load_source_data:136 - Loaded 151 records from actual_temperatures
2025-08-05 14:16:26.251 | INFO     | src.monitoring.performance_tracker:track_source_performance:221 - Performance tracking for nws: poor (±3°F accuracy: 0.625, MAE: 2.62°F)
2025-08-05 14:16:26.253 | INFO     | src.utils.data_manager:load_source_data:136 - Loaded 151 records from openweather
2025-08-05 14:16:26.255 | INFO     | src.utils.data_manager:load_source_data:136 - Loaded 151 records from actual_temperatures
2025-08-05 14:16:26.258 | INFO     | src.monitoring.performance_tracker:track_source_performance:221 - Performance tracking for openweather: acceptable (±3°F accuracy: 0.750, MAE: 1.74°F)
2025-08-05 14:16:26.260 | INFO     | src.utils.data_manager:load_source_data:136 - Loaded 151 records from tomorrow
2025-08-05 14:16:26.262 | INFO     | src.utils.data_manager:load_source_data:136 - Loaded 151 records from actual_temperatures
2025-08-05 14:16:26.265 | INFO     | src.monitoring.performance_tracker:track_source_performance:221 - Performance tracking for tomorrow: good (±3°F accuracy: 0.875, MAE: 1.80°F)
2025-08-05 14:16:26.267 | INFO     | src.utils.data_manager:load_source_data:136 - Loaded 151 records from weatherbit
2025-08-05 14:16:26.268 | INFO     | src.utils.data_manager:load_source_data:136 - Loaded 151 records from actual_temperatures
2025-08-05 14:16:26.271 | INFO     | src.monitoring.performance_tracker:track_source_performance:221 - Performance tracking for weatherbit: poor (±3°F accuracy: 0.000, MAE: 12.81°F)
2025-08-05 14:16:26.274 | INFO     | src.utils.data_manager:load_source_data:136 - Loaded 151 records from visual_crossing
2025-08-05 14:16:26.276 | INFO     | src.utils.data_manager:load_source_data:136 - Loaded 151 records from actual_temperatures
2025-08-05 14:16:26.278 | INFO     | src.monitoring.performance_tracker:track_source_performance:221 - Performance tracking for visual_crossing: poor (±3°F accuracy: 0.000, MAE: 14.05°F)
2025-08-05 14:16:26.281 | INFO     | src.utils.data_manager:load_source_data:136 - Loaded 3 records from predictions
2025-08-05 14:16:26.283 | INFO     | src.utils.data_manager:load_source_data:136 - Loaded 151 records from nws
2025-08-05 14:16:26.285 | INFO     | src.utils.data_manager:load_source_data:136 - Loaded 151 records from actual_temperatures
2025-08-05 14:16:26.288 | INFO     | src.monitoring.performance_tracker:track_source_performance:221 - Performance tracking for nws: good (±3°F accuracy: 0.871, MAE: 1.77°F)
2025-08-05 14:16:26.290 | INFO     | src.utils.data_manager:load_source_data:136 - Loaded 151 records from openweather
2025-08-05 14:16:26.292 | INFO     | src.utils.data_manager:load_source_data:136 - Loaded 151 records from actual_temperatures
2025-08-05 14:16:26.295 | INFO     | src.monitoring.performance_tracker:track_source_performance:221 - Performance tracking for openweather: good (±3°F accuracy: 0.839, MAE: 1.87°F)
2025-08-05 14:16:26.297 | INFO     | src.utils.data_manager:load_source_data:136 - Loaded 151 records from tomorrow
2025-08-05 14:16:26.298 | INFO     | src.utils.data_manager:load_source_data:136 - Loaded 151 records from actual_temperatures
2025-08-05 14:16:26.301 | INFO     | src.monitoring.performance_tracker:track_source_performance:221 - Performance tracking for tomorrow: acceptable (±3°F accuracy: 0.742, MAE: 2.15°F)
2025-08-05 14:16:26.303 | INFO     | src.utils.data_manager:load_source_data:136 - Loaded 151 records from weatherbit
2025-08-05 14:16:26.305 | INFO     | src.utils.data_manager:load_source_data:136 - Loaded 151 records from actual_temperatures
2025-08-05 14:16:26.309 | INFO     | src.monitoring.performance_tracker:track_source_performance:221 - Performance tracking for weatherbit: poor (±3°F accuracy: 0.452, MAE: 5.14°F)
2025-08-05 14:16:26.312 | INFO     | src.utils.data_manager:load_source_data:136 - Loaded 151 records from visual_crossing
2025-08-05 14:16:26.314 | INFO     | src.utils.data_manager:load_source_data:136 - Loaded 151 records from actual_temperatures
2025-08-05 14:16:26.317 | INFO     | src.monitoring.performance_tracker:track_source_performance:221 - Performance tracking for visual_crossing: acceptable (±3°F accuracy: 0.742, MAE: 4.78°F)
2025-08-05 14:16:26.319 | INFO     | src.utils.data_manager:load_source_data:136 - Loaded 3 records from predictions
2025-08-05 14:16:26.341 | INFO     | src.monitoring.model_retrainer:check_retraining_needed:177 - Retraining check for ensemble: NEEDED
2025-08-05 14:16:26.341 | INFO     | src.monitoring.model_retrainer:check_retraining_needed:179 - Reasons: nws: accuracy dropped by 0.246; nws: accuracy 0.625 below threshold 0.7; weatherbit: accuracy dropped by 0.452; weatherbit: accuracy 0.000 below threshold 0.7; visual_crossing: accuracy dropped by 0.742; visual_crossing: accuracy 0.000 below threshold 0.7; No previous retraining record found
2025-08-05 14:16:26.349 | INFO     | src.monitoring.system_monitor:monitor_system_health:346 - System health check completed: critical
2025-08-05 14:16:26.350 | INFO     | src.monitoring.system_monitor:log_performance_metrics:286 - PERFORMANCE | {"timestamp": "2025-08-05T14:16:26.350128", "type": "performance_metrics", "metrics": {"system_health": {"timestamp": "2025-08-05T14:16:26.174840", "overall_status": "critical", "components": {"apis": {"status": "warning", "apis": {"nws": {"status": "healthy", "failure_count": 0}, "openweather": {"status": "healthy", "failure_count": 0}, "tomorrow": {"status": "healthy", "failure_count": 0}, "weatherbit": {"status": "warning", "failure_count": 1}, "visual_crossing": {"status": "healthy", "failure_count": 0}}, "total_failures": 1, "most_failures": ["weatherbit", 1]}, "data": {"status": "healthy", "sources": {"nws": {"status": "healthy", "records": 151, "quality_score": 0.8849551055701275, "recent_data": true}, "openweather": {"status": "healthy", "records": 151, "quality_score": 0.8784642078906827, "recent_data": true}, "tomorrow": {"status": "healthy", "records": 151, "quality_score": 0.8730006821560596, "recent_data": true}, "weatherbit": {"status": "healthy", "records": 151, "quality_score": 0.8662464778449708, "recent_data": true}, "visual_crossing": {"status": "healthy", "records": 151, "quality_score": 0.8832185047402333, "recent_data": true}, "actual_temperatures": {"status": "healthy", "records": 151, "quality_score": 0.8, "recent_data": true}}, "total_records": 906, "avg_quality_score": 0.8643141630336789, "recent_data_available": true}, "models": {"status": "critical", "models": {"nws": {"status": "warning", "accuracy_3f": 0.625, "mae": 2.6221252259103416, "performance_category": "poor"}, "openweather": {"status": "healthy", "accuracy_3f": 0.75, "mae": 1.743252748313905, "performance_category": "acceptable"}, "tomorrow": {"status": "healthy", "accuracy_3f": 0.875, "mae": 1.8046912823801993, "performance_category": "good"}, "weatherbit": {"status": "critical", "accuracy_3f": 0.0, "mae": 12.809327053841347, "performance_category": "poor"}, "visual_crossing": {"status": "critical", "accuracy_3f": 0.0, "mae": 14.048639115645322, "performance_category": "poor"}}, "last_retraining": null, "performance_trend": "stable", "needs_retraining": true, "retraining_reasons": ["nws: accuracy dropped by 0.246", "nws: accuracy 0.625 below threshold 0.7", "weatherbit: accuracy dropped by 0.452", "weatherbit: accuracy 0.000 below threshold 0.7", "visual_crossing: accuracy dropped by 0.742", "visual_crossing: accuracy 0.000 below threshold 0.7", "No previous retraining record found"]}, "resources": {"status": "healthy", "memory": {"used_mb": 18559.20703125, "available_mb": 5114.6484375, "percent": 78.4}, "disk": {"used_mb": 340914.98046875, "free_mb": 634241.3359375, "percent": 34.960034071781045}}, "errors": {"status": "critical", "recent_errors_24h": 2, "critical_errors_24h": 1, "error_types": {"ValueError": 1, "ConnectionError": 1}}}, "alerts": [{"timestamp": "2025-08-05T14:16:24.956449", "type": "slow_api_response", "message": "tomorrow response time 35.0s exceeds threshold", "severity": "warning", "session_id": "20250805_14"}, {"timestamp": "2025-08-05T14:16:24.958683", "type": "critical_error", "message": "Critical error: Unable to connect to primary database", "severity": "critical", "session_id": "20250805_14"}], "recommendations": ["Check API connectivity and consider backup data sources", "Consider model retraining or parameter adjustment", "Investigate recent error patterns and implement fixes"]}}, "session_id": "20250805_14"}
